2026-03-12T07:31:22.440+05:30  INFO 4888 --- [StudentManagementSystemEpicdemo] [restartedMain] udentManagementSystemEpicdemoApplication : Starting StudentManagementSystemEpicdemoApplication using Java 22.0.2 with PID 4888 (C:\Users\supun_m\Desktop\Epic\student-management-backend\target\classes started by supun_m in C:\Users\supun_m\Desktop\Epic\student-management-backend)
2026-03-12T07:31:22.461+05:30  INFO 4888 --- [StudentManagementSystemEpicdemo] [restartedMain] udentManagementSystemEpicdemoApplication : No active profile set, falling back to 1 default profile: "default"
2026-03-12T07:31:22.545+05:30  INFO 4888 --- [StudentManagementSystemEpicdemo] [restartedMain] .e.DevToolsPropertyDefaultsPostProcessor : Devtools property defaults active! Set 'spring.devtools.add-properties' to 'false' to disable
2026-03-12T07:31:22.550+05:30  INFO 4888 --- [StudentManagementSystemEpicdemo] [restartedMain] .e.DevToolsPropertyDefaultsPostProcessor : For additional web related logging consider setting the 'logging.level.web' property to 'DEBUG'
2026-03-12T07:31:24.230+05:30  INFO 4888 --- [StudentManagementSystemEpicdemo] [restartedMain] o.s.boot.tomcat.TomcatWebServer          : Tomcat initialized with port 8081 (http)
2026-03-12T07:31:24.257+05:30  INFO 4888 --- [StudentManagementSystemEpicdemo] [restartedMain] o.apache.catalina.core.StandardService   : Starting service [Tomcat]
2026-03-12T07:31:24.258+05:30  INFO 4888 --- [StudentManagementSystemEpicdemo] [restartedMain] o.apache.catalina.core.StandardEngine    : Starting Servlet engine: [Apache Tomcat/11.0.15]
2026-03-12T07:31:24.314+05:30  INFO 4888 --- [StudentManagementSystemEpicdemo] [restartedMain] b.w.c.s.WebApplicationContextInitializer : Root WebApplicationContext: initialization completed in 1763 ms
2026-03-12T07:31:24.585+05:30  INFO 5984 --- [StudentManagementSystemEpicdemo] [restartedMain] udentManagementSystemEpicdemoApplication : Starting StudentManagementSystemEpicdemoApplication using Java 22.0.2 with PID 5984 (C:\Users\supun_m\Desktop\Epic\student-management-backend\target\classes started by supun_m in C:\Users\supun_m\Desktop\Epic\student-management-backend)
2026-03-12T07:31:24.590+05:30  INFO 5984 --- [StudentManagementSystemEpicdemo] [restartedMain] udentManagementSystemEpicdemoApplication : No active profile set, falling back to 1 default profile: "default"
2026-03-12T07:31:24.652+05:30  INFO 5984 --- [StudentManagementSystemEpicdemo] [restartedMain] .e.DevToolsPropertyDefaultsPostProcessor : Devtools property defaults active! Set 'spring.devtools.add-properties' to 'false' to disable
2026-03-12T07:31:24.652+05:30  INFO 5984 --- [StudentManagementSystemEpicdemo] [restartedMain] .e.DevToolsPropertyDefaultsPostProcessor : For additional web related logging consider setting the 'logging.level.web' property to 'DEBUG'
2026-03-12T07:31:24.680+05:30  WARN 4888 --- [StudentManagementSystemEpicdemo] [restartedMain] .s.a.UserDetailsServiceAutoConfiguration : 

Using generated security password: 00ce2178-033d-417a-ae20-95224c4620f2

This generated password is for development use only. Your security configuration must be updated before running your application in production.

2026-03-12T07:31:24.690+05:30  INFO 4888 --- [StudentManagementSystemEpicdemo] [restartedMain] r$InitializeUserDetailsManagerConfigurer : Global AuthenticationManager configured with UserDetailsService bean with name inMemoryUserDetailsManager
2026-03-12T07:31:25.320+05:30  INFO 4888 --- [StudentManagementSystemEpicdemo] [restartedMain] o.s.boot.tomcat.TomcatWebServer          : Tomcat started on port 8081 (http) with context path '/'
2026-03-12T07:31:25.328+05:30  INFO 4888 --- [StudentManagementSystemEpicdemo] [restartedMain] udentManagementSystemEpicdemoApplication : Started StudentManagementSystemEpicdemoApplication in 3.585 seconds (process running for 4.743)
2026-03-12T07:31:25.855+05:30  INFO 5984 --- [StudentManagementSystemEpicdemo] [restartedMain] o.s.boot.tomcat.TomcatWebServer          : Tomcat initialized with port 8081 (http)
2026-03-12T07:31:25.871+05:30  INFO 5984 --- [StudentManagementSystemEpicdemo] [restartedMain] o.apache.catalina.core.StandardService   : Starting service [Tomcat]
2026-03-12T07:31:25.872+05:30  INFO 5984 --- [StudentManagementSystemEpicdemo] [restartedMain] o.apache.catalina.core.StandardEngine    : Starting Servlet engine: [Apache Tomcat/11.0.15]
2026-03-12T07:31:25.919+05:30  INFO 5984 --- [StudentManagementSystemEpicdemo] [restartedMain] b.w.c.s.WebApplicationContextInitializer : Root WebApplicationContext: initialization completed in 1266 ms
2026-03-12T07:31:26.184+05:30  WARN 5984 --- [StudentManagementSystemEpicdemo] [restartedMain] .s.a.UserDetailsServiceAutoConfiguration : 

Using generated security password: 19239ba1-6d7b-4aa6-8807-e06182aa74eb

This generated password is for development use only. Your security configuration must be updated before running your application in production.

2026-03-12T07:31:26.191+05:30  INFO 5984 --- [StudentManagementSystemEpicdemo] [restartedMain] r$InitializeUserDetailsManagerConfigurer : Global AuthenticationManager configured with UserDetailsService bean with name inMemoryUserDetailsManager
2026-03-12T07:31:26.626+05:30  WARN 5984 --- [StudentManagementSystemEpicdemo] [restartedMain] ConfigServletWebServerApplicationContext : Exception encountered during context initialization - cancelling refresh attempt: org.springframework.context.ApplicationContextException: Failed to start bean 'webServerStartStop'
2026-03-12T07:31:26.640+05:30  INFO 5984 --- [StudentManagementSystemEpicdemo] [restartedMain] .s.b.a.l.ConditionEvaluationReportLogger : 

Error starting ApplicationContext. To display the condition evaluation report re-run your application with 'debug' enabled.
2026-03-12T07:31:26.654+05:30 ERROR 5984 --- [StudentManagementSystemEpicdemo] [restartedMain] o.s.b.d.LoggingFailureAnalysisReporter   : 

***************************
APPLICATION FAILED TO START
***************************

Description:

Web server failed to start. Port 8081 was already in use.

Action:

Identify and stop the process that's listening on port 8081 or configure this application to listen on another port.

2026-03-12T07:31:54.942+05:30  INFO 4888 --- [StudentManagementSystemEpicdemo] [SpringApplicationShutdownHook] o.s.boot.tomcat.GracefulShutdown         : Commencing graceful shutdown. Waiting for active requests to complete
2026-03-12T07:31:54.942+05:30  INFO 4888 --- [StudentManagementSystemEpicdemo] [tomcat-shutdown] o.s.boot.tomcat.GracefulShutdown         : Graceful shutdown complete
2026-03-12T07:31:58.743+05:30  INFO 10332 --- [StudentManagementSystemEpicdemo] [restartedMain] udentManagementSystemEpicdemoApplication : Starting StudentManagementSystemEpicdemoApplication using Java 22.0.2 with PID 10332 (C:\Users\supun_m\Desktop\Epic\student-management-backend\target\classes started by supun_m in C:\Users\supun_m\Desktop\Epic\student-management-backend)
2026-03-12T07:31:58.746+05:30  INFO 10332 --- [StudentManagementSystemEpicdemo] [restartedMain] udentManagementSystemEpicdemoApplication : No active profile set, falling back to 1 default profile: "default"
2026-03-12T07:31:58.792+05:30  INFO 10332 --- [StudentManagementSystemEpicdemo] [restartedMain] .e.DevToolsPropertyDefaultsPostProcessor : Devtools property defaults active! Set 'spring.devtools.add-properties' to 'false' to disable
2026-03-12T07:31:58.792+05:30  INFO 10332 --- [StudentManagementSystemEpicdemo] [restartedMain] .e.DevToolsPropertyDefaultsPostProcessor : For additional web related logging consider setting the 'logging.level.web' property to 'DEBUG'
2026-03-12T07:31:59.883+05:30  INFO 10332 --- [StudentManagementSystemEpicdemo] [restartedMain] o.s.boot.tomcat.TomcatWebServer          : Tomcat initialized with port 8081 (http)
2026-03-12T07:31:59.897+05:30  INFO 10332 --- [StudentManagementSystemEpicdemo] [restartedMain] o.apache.catalina.core.StandardService   : Starting service [Tomcat]
2026-03-12T07:31:59.898+05:30  INFO 10332 --- [StudentManagementSystemEpicdemo] [restartedMain] o.apache.catalina.core.StandardEngine    : Starting Servlet engine: [Apache Tomcat/11.0.15]
2026-03-12T07:31:59.940+05:30  INFO 10332 --- [StudentManagementSystemEpicdemo] [restartedMain] b.w.c.s.WebApplicationContextInitializer : Root WebApplicationContext: initialization completed in 1146 ms
2026-03-12T07:32:00.229+05:30  WARN 10332 --- [StudentManagementSystemEpicdemo] [restartedMain] .s.a.UserDetailsServiceAutoConfiguration : 

Using generated security password: 7db72e6e-d4bf-4332-8f12-4ecb813c2f44

This generated password is for development use only. Your security configuration must be updated before running your application in production.

2026-03-12T07:32:00.236+05:30  INFO 10332 --- [StudentManagementSystemEpicdemo] [restartedMain] r$InitializeUserDetailsManagerConfigurer : Global AuthenticationManager configured with UserDetailsService bean with name inMemoryUserDetailsManager
2026-03-12T07:32:00.691+05:30  INFO 10332 --- [StudentManagementSystemEpicdemo] [restartedMain] o.s.boot.tomcat.TomcatWebServer          : Tomcat started on port 8081 (http) with context path '/'
2026-03-12T07:32:00.698+05:30  INFO 10332 --- [StudentManagementSystemEpicdemo] [restartedMain] udentManagementSystemEpicdemoApplication : Started StudentManagementSystemEpicdemoApplication in 2.572 seconds (process running for 3.603)
2026-03-12T07:32:15.104+05:30  INFO 10332 --- [StudentManagementSystemEpicdemo] [http-nio-8081-exec-1] o.a.c.c.C.[Tomcat].[localhost].[/]       : Initializing Spring DispatcherServlet 'dispatcherServlet'
2026-03-12T07:32:15.105+05:30  INFO 10332 --- [StudentManagementSystemEpicdemo] [http-nio-8081-exec-1] o.s.web.servlet.DispatcherServlet        : Initializing Servlet 'dispatcherServlet'
2026-03-12T07:32:15.108+05:30  INFO 10332 --- [StudentManagementSystemEpicdemo] [http-nio-8081-exec-1] o.s.web.servlet.DispatcherServlet        : Completed initialization in 2 ms
2026-03-12T07:32:15.358+05:30 DEBUG 10332 --- [StudentManagementSystemEpicdemo] [http-nio-8081-exec-2] o.s.jdbc.core.JdbcTemplate               : Executing prepared SQL query
2026-03-12T07:32:15.359+05:30 DEBUG 10332 --- [StudentManagementSystemEpicdemo] [http-nio-8081-exec-2] o.s.jdbc.core.JdbcTemplate               : Executing prepared SQL statement [select * from User where Name = ?]
2026-03-12T07:32:15.365+05:30  INFO 10332 --- [StudentManagementSystemEpicdemo] [http-nio-8081-exec-2] com.zaxxer.hikari.HikariDataSource       : HikariPool-1 - Starting...
2026-03-12T07:32:15.966+05:30  INFO 10332 --- [StudentManagementSystemEpicdemo] [http-nio-8081-exec-2] com.zaxxer.hikari.pool.HikariPool        : HikariPool-1 - Added connection com.mysql.cj.jdbc.ConnectionImpl@386c567b
2026-03-12T07:32:15.968+05:30  INFO 10332 --- [StudentManagementSystemEpicdemo] [http-nio-8081-exec-2] com.zaxxer.hikari.HikariDataSource       : HikariPool-1 - Start completed.
2026-03-12T07:32:17.592+05:30 DEBUG 10332 --- [StudentManagementSystemEpicdemo] [http-nio-8081-exec-3] o.s.jdbc.core.JdbcTemplate               : Executing SQL query [SELECT * FROM Student ORDER BY Id DESC]
2026-03-12T07:32:17.649+05:30 DEBUG 10332 --- [StudentManagementSystemEpicdemo] [http-nio-8081-exec-4] o.s.jdbc.core.JdbcTemplate               : Executing SQL query [SELECT * FROM Student ORDER BY Id DESC]
2026-03-12T07:32:17.650+05:30 DEBUG 10332 --- [StudentManagementSystemEpicdemo] [http-nio-8081-exec-5] o.s.jdbc.core.JdbcTemplate               : Executing SQL query [SELECT * FROM Course]
2026-03-12T07:32:17.670+05:30 DEBUG 10332 --- [StudentManagementSystemEpicdemo] [http-nio-8081-exec-6] o.s.jdbc.core.JdbcTemplate               : Executing SQL query [SELECT * FROM Course]
2026-03-12T07:32:21.157+05:30 DEBUG 10332 --- [StudentManagementSystemEpicdemo] [http-nio-8081-exec-7] o.s.jdbc.core.JdbcTemplate               : Executing SQL query [SELECT * FROM Course]
2026-03-12T07:32:21.169+05:30 DEBUG 10332 --- [StudentManagementSystemEpicdemo] [http-nio-8081-exec-8] o.s.jdbc.core.JdbcTemplate               : Executing SQL query [SELECT * FROM Course]
2026-03-12T07:32:25.396+05:30 DEBUG 10332 --- [StudentManagementSystemEpicdemo] [http-nio-8081-exec-9] o.s.jdbc.core.JdbcTemplate               : Executing SQL query [SELECT * FROM Student ORDER BY Id DESC]
2026-03-12T07:32:25.397+05:30 DEBUG 10332 --- [StudentManagementSystemEpicdemo] [http-nio-8081-exec-10] o.s.jdbc.core.JdbcTemplate               : Executing prepared SQL query
2026-03-12T07:32:25.398+05:30 DEBUG 10332 --- [StudentManagementSystemEpicdemo] [http-nio-8081-exec-10] o.s.jdbc.core.JdbcTemplate               : Executing prepared SQL statement [SELECT
    s.Id AS studentId,
    CONCAT(s.firstName, ' ', s.lastName) AS studentName,
    s.email,
    sc.enrollmentDate AS enrolledDate
FROM Student_Course sc
JOIN Student s ON s.Id = sc.studentId
WHERE sc.courseId = ?
ORDER BY sc.enrollmentDate DESC
]
2026-03-12T07:32:35.875+05:30 DEBUG 10332 --- [StudentManagementSystemEpicdemo] [http-nio-8081-exec-1] o.s.jdbc.core.JdbcTemplate               : Executing SQL query [SELECT * FROM Student ORDER BY Id DESC]
2026-03-12T07:32:35.884+05:30 DEBUG 10332 --- [StudentManagementSystemEpicdemo] [http-nio-8081-exec-2] o.s.jdbc.core.JdbcTemplate               : Executing SQL query [SELECT * FROM Student ORDER BY Id DESC]
2026-03-12T07:32:35.887+05:30 DEBUG 10332 --- [StudentManagementSystemEpicdemo] [http-nio-8081-exec-3] o.s.jdbc.core.JdbcTemplate               : Executing SQL query [SELECT * FROM Course]
2026-03-12T07:32:35.896+05:30 DEBUG 10332 --- [StudentManagementSystemEpicdemo] [http-nio-8081-exec-4] o.s.jdbc.core.JdbcTemplate               : Executing SQL query [SELECT * FROM Course]
2026-03-12T07:32:37.582+05:30 DEBUG 10332 --- [StudentManagementSystemEpicdemo] [http-nio-8081-exec-5] o.s.jdbc.core.JdbcTemplate               : Executing SQL query [SELECT * FROM Course]
2026-03-12T07:32:37.595+05:30 DEBUG 10332 --- [StudentManagementSystemEpicdemo] [http-nio-8081-exec-6] o.s.jdbc.core.JdbcTemplate               : Executing SQL query [SELECT * FROM Course]
2026-03-12T07:32:37.601+05:30 DEBUG 10332 --- [StudentManagementSystemEpicdemo] [http-nio-8081-exec-7] o.s.jdbc.core.JdbcTemplate               : Executing SQL query [SELECT * FROM Student ORDER BY Id DESC]
2026-03-12T07:32:37.622+05:30 DEBUG 10332 --- [StudentManagementSystemEpicdemo] [http-nio-8081-exec-8] o.s.jdbc.core.JdbcTemplate               : Executing SQL query [SELECT * FROM Student ORDER BY Id DESC]
2026-03-12T07:32:37.637+05:30 DEBUG 10332 --- [StudentManagementSystemEpicdemo] [http-nio-8081-exec-10] o.s.jdbc.core.JdbcTemplate               : Executing prepared SQL query
2026-03-12T07:32:37.638+05:30 DEBUG 10332 --- [StudentManagementSystemEpicdemo] [http-nio-8081-exec-10] o.s.jdbc.core.JdbcTemplate               : Executing prepared SQL statement [SELECT c.*
FROM Course c
JOIN Student_Course sc ON c.Id = sc.courseId
WHERE sc.studentId = ?
]
2026-03-12T07:32:37.640+05:30 DEBUG 10332 --- [StudentManagementSystemEpicdemo] [http-nio-8081-exec-9] o.s.jdbc.core.JdbcTemplate               : Executing prepared SQL query
2026-03-12T07:32:37.641+05:30 DEBUG 10332 --- [StudentManagementSystemEpicdemo] [http-nio-8081-exec-9] o.s.jdbc.core.JdbcTemplate               : Executing prepared SQL statement [SELECT c.*
FROM Course c
JOIN Student_Course sc ON c.Id = sc.courseId
WHERE sc.studentId = ?
]
2026-03-12T07:32:37.646+05:30 DEBUG 10332 --- [StudentManagementSystemEpicdemo] [http-nio-8081-exec-3] o.s.jdbc.core.JdbcTemplate               : Executing prepared SQL query
2026-03-12T07:32:37.646+05:30 DEBUG 10332 --- [StudentManagementSystemEpicdemo] [http-nio-8081-exec-3] o.s.jdbc.core.JdbcTemplate               : Executing prepared SQL statement [SELECT c.*
FROM Course c
JOIN Student_Course sc ON c.Id = sc.courseId
WHERE sc.studentId = ?
]
2026-03-12T07:32:37.646+05:30 DEBUG 10332 --- [StudentManagementSystemEpicdemo] [http-nio-8081-exec-2] o.s.jdbc.core.JdbcTemplate               : Executing prepared SQL query
2026-03-12T07:32:37.647+05:30 DEBUG 10332 --- [StudentManagementSystemEpicdemo] [http-nio-8081-exec-2] o.s.jdbc.core.JdbcTemplate               : Executing prepared SQL statement [SELECT c.*
FROM Course c
JOIN Student_Course sc ON c.Id = sc.courseId
WHERE sc.studentId = ?
]
2026-03-12T07:32:37.653+05:30 DEBUG 10332 --- [StudentManagementSystemEpicdemo] [http-nio-8081-exec-1] o.s.jdbc.core.JdbcTemplate               : Executing prepared SQL query
2026-03-12T07:32:37.655+05:30 DEBUG 10332 --- [StudentManagementSystemEpicdemo] [http-nio-8081-exec-1] o.s.jdbc.core.JdbcTemplate               : Executing prepared SQL statement [SELECT c.*
FROM Course c
JOIN Student_Course sc ON c.Id = sc.courseId
WHERE sc.studentId = ?
]
2026-03-12T07:32:37.658+05:30 DEBUG 10332 --- [StudentManagementSystemEpicdemo] [http-nio-8081-exec-4] o.s.jdbc.core.JdbcTemplate               : Executing prepared SQL query
2026-03-12T07:32:37.659+05:30 DEBUG 10332 --- [StudentManagementSystemEpicdemo] [http-nio-8081-exec-4] o.s.jdbc.core.JdbcTemplate               : Executing prepared SQL statement [SELECT c.*
FROM Course c
JOIN Student_Course sc ON c.Id = sc.courseId
WHERE sc.studentId = ?
]
2026-03-12T07:32:37.662+05:30 DEBUG 10332 --- [StudentManagementSystemEpicdemo] [http-nio-8081-exec-5] o.s.jdbc.core.JdbcTemplate               : Executing prepared SQL query
2026-03-12T07:32:37.663+05:30 DEBUG 10332 --- [StudentManagementSystemEpicdemo] [http-nio-8081-exec-5] o.s.jdbc.core.JdbcTemplate               : Executing prepared SQL statement [SELECT c.*
FROM Course c
JOIN Student_Course sc ON c.Id = sc.courseId
WHERE sc.studentId = ?
]
2026-03-12T07:32:37.665+05:30 DEBUG 10332 --- [StudentManagementSystemEpicdemo] [http-nio-8081-exec-6] o.s.jdbc.core.JdbcTemplate               : Executing prepared SQL query
2026-03-12T07:32:37.666+05:30 DEBUG 10332 --- [StudentManagementSystemEpicdemo] [http-nio-8081-exec-6] o.s.jdbc.core.JdbcTemplate               : Executing prepared SQL statement [SELECT c.*
FROM Course c
JOIN Student_Course sc ON c.Id = sc.courseId
WHERE sc.studentId = ?
]
2026-03-12T07:32:37.668+05:30 DEBUG 10332 --- [StudentManagementSystemEpicdemo] [http-nio-8081-exec-7] o.s.jdbc.core.JdbcTemplate               : Executing prepared SQL query
2026-03-12T07:32:37.669+05:30 DEBUG 10332 --- [StudentManagementSystemEpicdemo] [http-nio-8081-exec-7] o.s.jdbc.core.JdbcTemplate               : Executing prepared SQL statement [SELECT c.*
FROM Course c
JOIN Student_Course sc ON c.Id = sc.courseId
WHERE sc.studentId = ?
]
2026-03-12T07:32:37.675+05:30 DEBUG 10332 --- [StudentManagementSystemEpicdemo] [http-nio-8081-exec-6] o.s.jdbc.core.JdbcTemplate               : Executing prepared SQL query
2026-03-12T07:32:37.675+05:30 DEBUG 10332 --- [StudentManagementSystemEpicdemo] [http-nio-8081-exec-6] o.s.jdbc.core.JdbcTemplate               : Executing prepared SQL statement [SELECT c.*
FROM Course c
JOIN Student_Course sc ON c.Id = sc.courseId
WHERE sc.studentId = ?
]
2026-03-12T07:32:52.565+05:30 DEBUG 10332 --- [StudentManagementSystemEpicdemo] [http-nio-8081-exec-10] o.s.jdbc.core.JdbcTemplate               : Executing SQL query [SELECT * FROM Student ORDER BY Id DESC]
2026-03-12T07:32:52.573+05:30 DEBUG 10332 --- [StudentManagementSystemEpicdemo] [http-nio-8081-exec-9] o.s.jdbc.core.JdbcTemplate               : Executing SQL query [SELECT * FROM Student ORDER BY Id DESC]
2026-03-12T07:32:52.575+05:30 DEBUG 10332 --- [StudentManagementSystemEpicdemo] [http-nio-8081-exec-2] o.s.jdbc.core.JdbcTemplate               : Executing SQL query [SELECT * FROM Course]
2026-03-12T07:32:52.584+05:30 DEBUG 10332 --- [StudentManagementSystemEpicdemo] [http-nio-8081-exec-3] o.s.jdbc.core.JdbcTemplate               : Executing SQL query [SELECT * FROM Course]
2026-03-12T07:32:53.801+05:30 DEBUG 10332 --- [StudentManagementSystemEpicdemo] [http-nio-8081-exec-1] o.s.jdbc.core.JdbcTemplate               : Executing SQL query [SELECT * FROM Course]
2026-03-12T07:32:53.810+05:30 DEBUG 10332 --- [StudentManagementSystemEpicdemo] [http-nio-8081-exec-4] o.s.jdbc.core.JdbcTemplate               : Executing SQL query [SELECT * FROM Course]
2026-03-12T09:41:03.239+05:30 DEBUG 10332 --- [StudentManagementSystemEpicdemo] [http-nio-8081-exec-9] o.s.jdbc.core.JdbcTemplate               : Executing SQL query [SELECT * FROM Student ORDER BY Id DESC]
2026-03-12T09:41:03.248+05:30 DEBUG 10332 --- [StudentManagementSystemEpicdemo] [http-nio-8081-exec-2] o.s.jdbc.core.JdbcTemplate               : Executing SQL query [SELECT * FROM Student ORDER BY Id DESC]
2026-03-12T09:41:03.254+05:30 DEBUG 10332 --- [StudentManagementSystemEpicdemo] [http-nio-8081-exec-3] o.s.jdbc.core.JdbcTemplate               : Executing SQL query [SELECT * FROM Course]
2026-03-12T09:41:03.261+05:30 DEBUG 10332 --- [StudentManagementSystemEpicdemo] [http-nio-8081-exec-1] o.s.jdbc.core.JdbcTemplate               : Executing SQL query [SELECT * FROM Course]
2026-03-12T09:41:05.650+05:30 DEBUG 10332 --- [StudentManagementSystemEpicdemo] [http-nio-8081-exec-4] o.s.jdbc.core.JdbcTemplate               : Executing SQL query [SELECT * FROM Course]
2026-03-12T09:41:05.657+05:30 DEBUG 10332 --- [StudentManagementSystemEpicdemo] [http-nio-8081-exec-5] o.s.jdbc.core.JdbcTemplate               : Executing SQL query [SELECT * FROM Course]
2026-03-12T09:41:05.696+05:30 DEBUG 10332 --- [StudentManagementSystemEpicdemo] [http-nio-8081-exec-7] o.s.jdbc.core.JdbcTemplate               : Executing SQL query [SELECT * FROM Student ORDER BY Id DESC]
2026-03-12T09:41:05.705+05:30 DEBUG 10332 --- [StudentManagementSystemEpicdemo] [http-nio-8081-exec-8] o.s.jdbc.core.JdbcTemplate               : Executing SQL query [SELECT * FROM Student ORDER BY Id DESC]
2026-03-12T09:41:05.750+05:30 DEBUG 10332 --- [StudentManagementSystemEpicdemo] [http-nio-8081-exec-10] o.s.jdbc.core.JdbcTemplate               : Executing prepared SQL query
2026-03-12T09:41:05.751+05:30 DEBUG 10332 --- [StudentManagementSystemEpicdemo] [http-nio-8081-exec-10] o.s.jdbc.core.JdbcTemplate               : Executing prepared SQL statement [SELECT c.*
FROM Course c
JOIN Student_Course sc ON c.Id = sc.courseId
WHERE sc.studentId = ?
]
2026-03-12T09:41:05.753+05:30 DEBUG 10332 --- [StudentManagementSystemEpicdemo] [http-nio-8081-exec-6] o.s.jdbc.core.JdbcTemplate               : Executing prepared SQL query
2026-03-12T09:41:05.757+05:30 DEBUG 10332 --- [StudentManagementSystemEpicdemo] [http-nio-8081-exec-6] o.s.jdbc.core.JdbcTemplate               : Executing prepared SQL statement [SELECT c.*
FROM Course c
JOIN Student_Course sc ON c.Id = sc.courseId
WHERE sc.studentId = ?
]
2026-03-12T09:41:05.760+05:30 DEBUG 10332 --- [StudentManagementSystemEpicdemo] [http-nio-8081-exec-9] o.s.jdbc.core.JdbcTemplate               : Executing prepared SQL query
2026-03-12T09:41:05.761+05:30 DEBUG 10332 --- [StudentManagementSystemEpicdemo] [http-nio-8081-exec-9] o.s.jdbc.core.JdbcTemplate               : Executing prepared SQL statement [SELECT c.*
FROM Course c
JOIN Student_Course sc ON c.Id = sc.courseId
WHERE sc.studentId = ?
]
2026-03-12T09:41:05.773+05:30 DEBUG 10332 --- [StudentManagementSystemEpicdemo] [http-nio-8081-exec-2] o.s.jdbc.core.JdbcTemplate               : Executing prepared SQL query
2026-03-12T09:41:05.774+05:30 DEBUG 10332 --- [StudentManagementSystemEpicdemo] [http-nio-8081-exec-2] o.s.jdbc.core.JdbcTemplate               : Executing prepared SQL statement [SELECT c.*
FROM Course c
JOIN Student_Course sc ON c.Id = sc.courseId
WHERE sc.studentId = ?
]
2026-03-12T09:41:05.774+05:30 DEBUG 10332 --- [StudentManagementSystemEpicdemo] [http-nio-8081-exec-3] o.s.jdbc.core.JdbcTemplate               : Executing prepared SQL query
2026-03-12T09:41:05.774+05:30 DEBUG 10332 --- [StudentManagementSystemEpicdemo] [http-nio-8081-exec-3] o.s.jdbc.core.JdbcTemplate               : Executing prepared SQL statement [SELECT c.*
FROM Course c
JOIN Student_Course sc ON c.Id = sc.courseId
WHERE sc.studentId = ?
]
2026-03-12T09:41:05.776+05:30 DEBUG 10332 --- [StudentManagementSystemEpicdemo] [http-nio-8081-exec-1] o.s.jdbc.core.JdbcTemplate               : Executing prepared SQL query
2026-03-12T09:41:05.777+05:30 DEBUG 10332 --- [StudentManagementSystemEpicdemo] [http-nio-8081-exec-1] o.s.jdbc.core.JdbcTemplate               : Executing prepared SQL statement [SELECT c.*
FROM Course c
JOIN Student_Course sc ON c.Id = sc.courseId
WHERE sc.studentId = ?
]
2026-03-12T09:41:05.781+05:30 DEBUG 10332 --- [StudentManagementSystemEpicdemo] [http-nio-8081-exec-2] o.s.jdbc.core.JdbcTemplate               : Executing prepared SQL query
2026-03-12T09:41:05.781+05:30 DEBUG 10332 --- [StudentManagementSystemEpicdemo] [http-nio-8081-exec-2] o.s.jdbc.core.JdbcTemplate               : Executing prepared SQL statement [SELECT c.*
FROM Course c
JOIN Student_Course sc ON c.Id = sc.courseId
WHERE sc.studentId = ?
]
2026-03-12T09:41:05.782+05:30 DEBUG 10332 --- [StudentManagementSystemEpicdemo] [http-nio-8081-exec-4] o.s.jdbc.core.JdbcTemplate               : Executing prepared SQL query
2026-03-12T09:41:05.784+05:30 DEBUG 10332 --- [StudentManagementSystemEpicdemo] [http-nio-8081-exec-4] o.s.jdbc.core.JdbcTemplate               : Executing prepared SQL statement [SELECT c.*
FROM Course c
JOIN Student_Course sc ON c.Id = sc.courseId
WHERE sc.studentId = ?
]
2026-03-12T09:41:05.792+05:30 DEBUG 10332 --- [StudentManagementSystemEpicdemo] [http-nio-8081-exec-7] o.s.jdbc.core.JdbcTemplate               : Executing prepared SQL query
2026-03-12T09:41:05.793+05:30 DEBUG 10332 --- [StudentManagementSystemEpicdemo] [http-nio-8081-exec-7] o.s.jdbc.core.JdbcTemplate               : Executing prepared SQL statement [SELECT c.*
FROM Course c
JOIN Student_Course sc ON c.Id = sc.courseId
WHERE sc.studentId = ?
]
2026-03-12T09:41:05.799+05:30 DEBUG 10332 --- [StudentManagementSystemEpicdemo] [http-nio-8081-exec-8] o.s.jdbc.core.JdbcTemplate               : Executing prepared SQL query
2026-03-12T09:41:05.800+05:30 DEBUG 10332 --- [StudentManagementSystemEpicdemo] [http-nio-8081-exec-8] o.s.jdbc.core.JdbcTemplate               : Executing prepared SQL statement [SELECT c.*
FROM Course c
JOIN Student_Course sc ON c.Id = sc.courseId
WHERE sc.studentId = ?
]
2026-03-12T09:51:37.102+05:30 DEBUG 10332 --- [StudentManagementSystemEpicdemo] [http-nio-8081-exec-4] o.s.jdbc.core.JdbcTemplate               : Executing prepared SQL query
2026-03-12T09:51:37.103+05:30 DEBUG 10332 --- [StudentManagementSystemEpicdemo] [http-nio-8081-exec-4] o.s.jdbc.core.JdbcTemplate               : Executing prepared SQL statement [SELECT COUNT(*) FROM Student WHERE email = ?]
2026-03-12T09:51:37.109+05:30 DEBUG 10332 --- [StudentManagementSystemEpicdemo] [http-nio-8081-exec-4] o.s.jdbc.core.JdbcTemplate               : Executing prepared SQL update
2026-03-12T09:51:37.109+05:30 DEBUG 10332 --- [StudentManagementSystemEpicdemo] [http-nio-8081-exec-4] o.s.jdbc.core.JdbcTemplate               : Executing prepared SQL statement [    INSERT INTO Student
    (firstName, lastName, email, dateOfBirth, enrollmentDate)
    VALUES (?, ?, ?, ?, ?)
]
2026-03-12T09:51:37.125+05:30 DEBUG 10332 --- [StudentManagementSystemEpicdemo] [http-nio-8081-exec-4] o.s.jdbc.core.JdbcTemplate               : Executing SQL query [SELECT LAST_INSERT_ID()]
2026-03-12T09:51:37.128+05:30 DEBUG 10332 --- [StudentManagementSystemEpicdemo] [http-nio-8081-exec-4] o.s.jdbc.core.JdbcTemplate               : Executing prepared SQL query
2026-03-12T09:51:37.128+05:30 DEBUG 10332 --- [StudentManagementSystemEpicdemo] [http-nio-8081-exec-4] o.s.jdbc.core.JdbcTemplate               : Executing prepared SQL statement [SELECT COUNT(*)
FROM Student_Course
WHERE studentId=? AND courseId=?
]
2026-03-12T09:51:37.128+05:30 DEBUG 10332 --- [StudentManagementSystemEpicdemo] [http-nio-8081-exec-4] o.s.jdbc.core.JdbcTemplate               : Executing prepared SQL update
2026-03-12T09:51:37.135+05:30 DEBUG 10332 --- [StudentManagementSystemEpicdemo] [http-nio-8081-exec-4] o.s.jdbc.core.JdbcTemplate               : Executing prepared SQL statement [INSERT INTO Student_Course
(studentId, courseId, enrollmentDate)
VALUES (?, ?, NOW())
]
2026-03-12T09:51:38.407+05:30 DEBUG 10332 --- [StudentManagementSystemEpicdemo] [http-nio-8081-exec-4] o.s.jdbc.core.JdbcTemplate               : SQLWarning ignored: SQL state '22007', error code '1292', message [Incorrect date value: '2026-03-12 09:51:37' for column 'enrollmentDate' at row 1]
2026-03-12T09:51:40.009+05:30 DEBUG 10332 --- [StudentManagementSystemEpicdemo] [http-nio-8081-exec-7] o.s.jdbc.core.JdbcTemplate               : Executing SQL query [SELECT * FROM Student ORDER BY Id DESC]
2026-03-12T09:51:40.028+05:30 DEBUG 10332 --- [StudentManagementSystemEpicdemo] [http-nio-8081-exec-8] o.s.jdbc.core.JdbcTemplate               : Executing prepared SQL query
2026-03-12T09:51:40.028+05:30 DEBUG 10332 --- [StudentManagementSystemEpicdemo] [http-nio-8081-exec-6] o.s.jdbc.core.JdbcTemplate               : Executing prepared SQL query
2026-03-12T09:51:40.028+05:30 DEBUG 10332 --- [StudentManagementSystemEpicdemo] [http-nio-8081-exec-8] o.s.jdbc.core.JdbcTemplate               : Executing prepared SQL statement [SELECT c.*
FROM Course c
JOIN Student_Course sc ON c.Id = sc.courseId
WHERE sc.studentId = ?
]
2026-03-12T09:51:40.028+05:30 DEBUG 10332 --- [StudentManagementSystemEpicdemo] [http-nio-8081-exec-6] o.s.jdbc.core.JdbcTemplate               : Executing prepared SQL statement [SELECT c.*
FROM Course c
JOIN Student_Course sc ON c.Id = sc.courseId
WHERE sc.studentId = ?
]
2026-03-12T09:51:40.032+05:30 DEBUG 10332 --- [StudentManagementSystemEpicdemo] [http-nio-8081-exec-2] o.s.jdbc.core.JdbcTemplate               : Executing prepared SQL query
2026-03-12T09:51:40.033+05:30 DEBUG 10332 --- [StudentManagementSystemEpicdemo] [http-nio-8081-exec-2] o.s.jdbc.core.JdbcTemplate               : Executing prepared SQL statement [SELECT c.*
FROM Course c
JOIN Student_Course sc ON c.Id = sc.courseId
WHERE sc.studentId = ?
]
2026-03-12T09:51:40.033+05:30 DEBUG 10332 --- [StudentManagementSystemEpicdemo] [http-nio-8081-exec-3] o.s.jdbc.core.JdbcTemplate               : Executing prepared SQL query
2026-03-12T09:51:40.032+05:30 DEBUG 10332 --- [StudentManagementSystemEpicdemo] [http-nio-8081-exec-8] o.s.jdbc.core.JdbcTemplate               : Executing prepared SQL query
2026-03-12T09:51:40.033+05:30 DEBUG 10332 --- [StudentManagementSystemEpicdemo] [http-nio-8081-exec-3] o.s.jdbc.core.JdbcTemplate               : Executing prepared SQL statement [SELECT c.*
FROM Course c
JOIN Student_Course sc ON c.Id = sc.courseId
WHERE sc.studentId = ?
]
2026-03-12T09:51:40.033+05:30 DEBUG 10332 --- [StudentManagementSystemEpicdemo] [http-nio-8081-exec-8] o.s.jdbc.core.JdbcTemplate               : Executing prepared SQL statement [SELECT c.*
FROM Course c
JOIN Student_Course sc ON c.Id = sc.courseId
WHERE sc.studentId = ?
]
2026-03-12T09:51:40.039+05:30 DEBUG 10332 --- [StudentManagementSystemEpicdemo] [http-nio-8081-exec-1] o.s.jdbc.core.JdbcTemplate               : Executing prepared SQL query
2026-03-12T09:51:40.041+05:30 DEBUG 10332 --- [StudentManagementSystemEpicdemo] [http-nio-8081-exec-1] o.s.jdbc.core.JdbcTemplate               : Executing prepared SQL statement [SELECT c.*
FROM Course c
JOIN Student_Course sc ON c.Id = sc.courseId
WHERE sc.studentId = ?
]
2026-03-12T09:56:07.383+05:30 DEBUG 10332 --- [StudentManagementSystemEpicdemo] [http-nio-8081-exec-2] o.s.jdbc.core.JdbcTemplate               : Executing prepared SQL query
2026-03-12T09:56:07.384+05:30 DEBUG 10332 --- [StudentManagementSystemEpicdemo] [http-nio-8081-exec-2] o.s.jdbc.core.JdbcTemplate               : Executing prepared SQL statement [SELECT COUNT(*) FROM Student WHERE email = ?]
2026-03-12T09:56:07.386+05:30 DEBUG 10332 --- [StudentManagementSystemEpicdemo] [http-nio-8081-exec-2] o.s.jdbc.core.JdbcTemplate               : Executing prepared SQL update
2026-03-12T09:56:07.386+05:30 DEBUG 10332 --- [StudentManagementSystemEpicdemo] [http-nio-8081-exec-2] o.s.jdbc.core.JdbcTemplate               : Executing prepared SQL statement [    INSERT INTO Student
    (firstName, lastName, email, dateOfBirth, enrollmentDate)
    VALUES (?, ?, ?, ?, ?)
]
2026-03-12T09:56:07.389+05:30 DEBUG 10332 --- [StudentManagementSystemEpicdemo] [http-nio-8081-exec-2] o.s.jdbc.core.JdbcTemplate               : Executing SQL query [SELECT LAST_INSERT_ID()]
2026-03-12T09:56:07.390+05:30 DEBUG 10332 --- [StudentManagementSystemEpicdemo] [http-nio-8081-exec-2] o.s.jdbc.core.JdbcTemplate               : Executing prepared SQL query
2026-03-12T09:56:07.391+05:30 DEBUG 10332 --- [StudentManagementSystemEpicdemo] [http-nio-8081-exec-2] o.s.jdbc.core.JdbcTemplate               : Executing prepared SQL statement [SELECT COUNT(*)
FROM Student_Course
WHERE studentId=? AND courseId=?
]
2026-03-12T09:56:07.393+05:30 DEBUG 10332 --- [StudentManagementSystemEpicdemo] [http-nio-8081-exec-2] o.s.jdbc.core.JdbcTemplate               : Executing prepared SQL update
2026-03-12T09:56:07.393+05:30 DEBUG 10332 --- [StudentManagementSystemEpicdemo] [http-nio-8081-exec-2] o.s.jdbc.core.JdbcTemplate               : Executing prepared SQL statement [INSERT INTO Student_Course
(studentId, courseId, enrollmentDate)
VALUES (?, ?, NOW())
]
2026-03-12T09:56:07.395+05:30 DEBUG 10332 --- [StudentManagementSystemEpicdemo] [http-nio-8081-exec-2] o.s.jdbc.core.JdbcTemplate               : SQLWarning ignored: SQL state '22007', error code '1292', message [Incorrect date value: '2026-03-12 09:56:07' for column 'enrollmentDate' at row 1]
2026-03-12T09:56:07.396+05:30 DEBUG 10332 --- [StudentManagementSystemEpicdemo] [http-nio-8081-exec-2] o.s.jdbc.core.JdbcTemplate               : Executing prepared SQL query
2026-03-12T09:56:07.396+05:30 DEBUG 10332 --- [StudentManagementSystemEpicdemo] [http-nio-8081-exec-2] o.s.jdbc.core.JdbcTemplate               : Executing prepared SQL statement [SELECT COUNT(*)
FROM Student_Course
WHERE studentId=? AND courseId=?
]
2026-03-12T09:56:07.398+05:30 DEBUG 10332 --- [StudentManagementSystemEpicdemo] [http-nio-8081-exec-2] o.s.jdbc.core.JdbcTemplate               : Executing prepared SQL update
2026-03-12T09:56:07.398+05:30 DEBUG 10332 --- [StudentManagementSystemEpicdemo] [http-nio-8081-exec-2] o.s.jdbc.core.JdbcTemplate               : Executing prepared SQL statement [INSERT INTO Student_Course
(studentId, courseId, enrollmentDate)
VALUES (?, ?, NOW())
]
2026-03-12T09:56:07.400+05:30 DEBUG 10332 --- [StudentManagementSystemEpicdemo] [http-nio-8081-exec-2] o.s.jdbc.core.JdbcTemplate               : SQLWarning ignored: SQL state '22007', error code '1292', message [Incorrect date value: '2026-03-12 09:56:07' for column 'enrollmentDate' at row 1]
2026-03-12T09:56:09.424+05:30 DEBUG 10332 --- [StudentManagementSystemEpicdemo] [http-nio-8081-exec-8] o.s.jdbc.core.JdbcTemplate               : Executing SQL query [SELECT * FROM Student ORDER BY Id DESC]
2026-03-12T09:56:09.453+05:30 DEBUG 10332 --- [StudentManagementSystemEpicdemo] [http-nio-8081-exec-5] o.s.jdbc.core.JdbcTemplate               : Executing prepared SQL query
2026-03-12T09:56:09.461+05:30 DEBUG 10332 --- [StudentManagementSystemEpicdemo] [http-nio-8081-exec-5] o.s.jdbc.core.JdbcTemplate               : Executing prepared SQL statement [SELECT c.*
FROM Course c
JOIN Student_Course sc ON c.Id = sc.courseId
WHERE sc.studentId = ?
]
2026-03-12T09:56:09.453+05:30 DEBUG 10332 --- [StudentManagementSystemEpicdemo] [http-nio-8081-exec-1] o.s.jdbc.core.JdbcTemplate               : Executing prepared SQL query
2026-03-12T09:56:09.464+05:30 DEBUG 10332 --- [StudentManagementSystemEpicdemo] [http-nio-8081-exec-1] o.s.jdbc.core.JdbcTemplate               : Executing prepared SQL statement [SELECT c.*
FROM Course c
JOIN Student_Course sc ON c.Id = sc.courseId
WHERE sc.studentId = ?
]
2026-03-12T09:56:09.467+05:30 DEBUG 10332 --- [StudentManagementSystemEpicdemo] [http-nio-8081-exec-6] o.s.jdbc.core.JdbcTemplate               : Executing prepared SQL query
2026-03-12T09:56:09.467+05:30 DEBUG 10332 --- [StudentManagementSystemEpicdemo] [http-nio-8081-exec-6] o.s.jdbc.core.JdbcTemplate               : Executing prepared SQL statement [SELECT c.*
FROM Course c
JOIN Student_Course sc ON c.Id = sc.courseId
WHERE sc.studentId = ?
]
2026-03-12T09:56:09.467+05:30 DEBUG 10332 --- [StudentManagementSystemEpicdemo] [http-nio-8081-exec-7] o.s.jdbc.core.JdbcTemplate               : Executing prepared SQL query
2026-03-12T09:56:09.467+05:30 DEBUG 10332 --- [StudentManagementSystemEpicdemo] [http-nio-8081-exec-7] o.s.jdbc.core.JdbcTemplate               : Executing prepared SQL statement [SELECT c.*
FROM Course c
JOIN Student_Course sc ON c.Id = sc.courseId
WHERE sc.studentId = ?
]
2026-03-12T09:56:09.476+05:30 DEBUG 10332 --- [StudentManagementSystemEpicdemo] [http-nio-8081-exec-9] o.s.jdbc.core.JdbcTemplate               : Executing prepared SQL query
2026-03-12T09:56:09.476+05:30 DEBUG 10332 --- [StudentManagementSystemEpicdemo] [http-nio-8081-exec-1] o.s.jdbc.core.JdbcTemplate               : Executing prepared SQL query
2026-03-12T09:56:09.477+05:30 DEBUG 10332 --- [StudentManagementSystemEpicdemo] [http-nio-8081-exec-9] o.s.jdbc.core.JdbcTemplate               : Executing prepared SQL statement [SELECT c.*
FROM Course c
JOIN Student_Course sc ON c.Id = sc.courseId
WHERE sc.studentId = ?
]
2026-03-12T09:56:09.477+05:30 DEBUG 10332 --- [StudentManagementSystemEpicdemo] [http-nio-8081-exec-1] o.s.jdbc.core.JdbcTemplate               : Executing prepared SQL statement [SELECT c.*
FROM Course c
JOIN Student_Course sc ON c.Id = sc.courseId
WHERE sc.studentId = ?
]
2026-03-12T09:56:09.481+05:30 DEBUG 10332 --- [StudentManagementSystemEpicdemo] [http-nio-8081-exec-4] o.s.jdbc.core.JdbcTemplate               : Executing prepared SQL query
2026-03-12T09:56:09.482+05:30 DEBUG 10332 --- [StudentManagementSystemEpicdemo] [http-nio-8081-exec-4] o.s.jdbc.core.JdbcTemplate               : Executing prepared SQL statement [SELECT c.*
FROM Course c
JOIN Student_Course sc ON c.Id = sc.courseId
WHERE sc.studentId = ?
]
2026-03-12T10:01:40.813+05:30  INFO 10332 --- [StudentManagementSystemEpicdemo] [SpringApplicationShutdownHook] o.s.boot.tomcat.GracefulShutdown         : Commencing graceful shutdown. Waiting for active requests to complete
2026-03-12T10:01:40.820+05:30  INFO 10332 --- [StudentManagementSystemEpicdemo] [tomcat-shutdown] o.s.boot.tomcat.GracefulShutdown         : Graceful shutdown complete
2026-03-12T10:01:40.828+05:30  INFO 10332 --- [StudentManagementSystemEpicdemo] [SpringApplicationShutdownHook] com.zaxxer.hikari.HikariDataSource       : HikariPool-1 - Shutdown initiated...
2026-03-12T10:01:40.833+05:30  INFO 10332 --- [StudentManagementSystemEpicdemo] [SpringApplicationShutdownHook] com.zaxxer.hikari.HikariDataSource       : HikariPool-1 - Shutdown completed.
